Sun Feb 26 2017 12:29:19 GMT+0200 (FLE Standard Time): GET /about
Sun Feb 26 2017 12:29:29 GMT+0200 (FLE Standard Time): GET /about
Sun Feb 26 2017 12:29:32 GMT+0200 (FLE Standard Time): GET /
Sun Feb 26 2017 12:29:33 GMT+0200 (FLE Standard Time): GET /
Sun Feb 26 2017 12:29:34 GMT+0200 (FLE Standard Time): GET /about
Sun Feb 26 2017 12:32:13 GMT+0200 (FLE Standard Time): GET /about
Sun Feb 26 2017 12:32:17 GMT+0200 (FLE Standard Time): GET /
Sun Feb 26 2017 12:33:57 GMT+0200 (FLE Standard Time): GET /help
Sun Feb 26 2017 12:34:01 GMT+0200 (FLE Standard Time): GET /help/html
Sun Feb 26 2017 12:35:02 GMT+0200 (FLE Standard Time): GET /help.html
Sun Feb 26 2017 12:35:09 GMT+0200 (FLE Standard Time): GET /help.html
Sun Feb 26 2017 12:35:17 GMT+0200 (FLE Standard Time): GET /help.html
Sun Feb 26 2017 12:35:37 GMT+0200 (FLE Standard Time): GET /help.html
Sun Feb 26 2017 12:35:39 GMT+0200 (FLE Standard Time): GET /
Sun Feb 26 2017 13:08:12 GMT+0200 (FLE Standard Time): GET /
Sun Feb 26 2017 14:17:34 GMT+0200 (FLE Standard Time): GET /
Sun Feb 26 2017 14:27:20 GMT+0200 (FLE Standard Time): GET /
Sun Feb 26 2017 14:27:23 GMT+0200 (FLE Standard Time): GET /projects
Sun Feb 26 2017 14:28:04 GMT+0200 (FLE Standard Time): GET /projects
Sun Feb 26 2017 14:28:07 GMT+0200 (FLE Standard Time): GET /
Sun Feb 26 2017 14:28:34 GMT+0200 (FLE Standard Time): GET /
Sun Feb 26 2017 14:28:47 GMT+0200 (FLE Standard Time): GET /
Sun Feb 26 2017 14:28:51 GMT+0200 (FLE Standard Time): GET /projects
Sun Feb 26 2017 14:29:18 GMT+0200 (FLE Standard Time): GET /projects
Sun Feb 26 2017 14:29:38 GMT+0200 (FLE Standard Time): GET /projects
Sun Feb 26 2017 14:29:41 GMT+0200 (FLE Standard Time): GET /
Sun Feb 26 2017 14:29:50 GMT+0200 (FLE Standard Time): GET /
Sun Feb 26 2017 14:34:30 GMT+0200 (FLE Standard Time): GET /
Sun Feb 26 2017 14:34:31 GMT+0200 (FLE Standard Time): GET /projects
Sun Feb 26 2017 14:34:58 GMT+0200 (FLE Standard Time): GET /projects
Sun Feb 26 2017 14:35:02 GMT+0200 (FLE Standard Time): GET /projects
